30-Jul-2024 00:21:13.348 INFO [main] org.apache.catalina.startup.VersionLoggerListener.log 서버 버전 이름:    Apache Tomcat/10.1.25
30-Jul-2024 00:21:13.358 INFO [main] org.apache.catalina.startup.VersionLoggerListener.log Server 빌드 시각:  Jun 14 2024 19:31:59 UTC
30-Jul-2024 00:21:13.359 INFO [main] org.apache.catalina.startup.VersionLoggerListener.log Server 버전 번호:  10.1.25.0
30-Jul-2024 00:21:13.359 INFO [main] org.apache.catalina.startup.VersionLoggerListener.log 운영체제 이름:     Mac OS X
30-Jul-2024 00:21:13.359 INFO [main] org.apache.catalina.startup.VersionLoggerListener.log 운영체제 버전:     14.5
30-Jul-2024 00:21:13.359 INFO [main] org.apache.catalina.startup.VersionLoggerListener.log 아키텍처:          aarch64
30-Jul-2024 00:21:13.359 INFO [main] org.apache.catalina.startup.VersionLoggerListener.log 자바 홈:           /Library/Java/JavaVirtualMachines/jdk-17.jdk/Contents/Home
30-Jul-2024 00:21:13.359 INFO [main] org.apache.catalina.startup.VersionLoggerListener.log JVM 버전:          17.0.9+11-LTS-201
30-Jul-2024 00:21:13.359 INFO [main] org.apache.catalina.startup.VersionLoggerListener.log JVM 벤더:          Oracle Corporation
30-Jul-2024 00:21:13.359 INFO [main] org.apache.catalina.startup.VersionLoggerListener.log CATALINA_BASE:     /Users/kongmac/Desktop/JSP_WIFI/public_wifi/public_wifi_project
30-Jul-2024 00:21:13.360 INFO [main] org.apache.catalina.startup.VersionLoggerListener.log CATALINA_HOME:     /Users/kongmac/Desktop/JSP/apache-tomcat-10.1.25
30-Jul-2024 00:21:13.378 INFO [main] org.apache.catalina.startup.VersionLoggerListener.log 명령 행 아규먼트:  --add-opens=java.base/java.lang=ALL-UNNAMED
30-Jul-2024 00:21:13.378 INFO [main] org.apache.catalina.startup.VersionLoggerListener.log 명령 행 아규먼트:  --add-opens=java.base/java.io=ALL-UNNAMED
30-Jul-2024 00:21:13.378 INFO [main] org.apache.catalina.startup.VersionLoggerListener.log 명령 행 아규먼트:  --add-opens=java.base/java.util=ALL-UNNAMED
30-Jul-2024 00:21:13.378 INFO [main] org.apache.catalina.startup.VersionLoggerListener.log 명령 행 아규먼트:  --add-opens=java.base/java.util.concurrent=ALL-UNNAMED
30-Jul-2024 00:21:13.378 INFO [main] org.apache.catalina.startup.VersionLoggerListener.log 명령 행 아규먼트:  --add-opens=java.rmi/sun.rmi.transport=ALL-UNNAMED
30-Jul-2024 00:21:13.379 INFO [main] org.apache.catalina.startup.VersionLoggerListener.log 명령 행 아규먼트:  -Dcatalina.home=/Users/kongmac/Desktop/JSP/apache-tomcat-10.1.25
30-Jul-2024 00:21:13.379 INFO [main] org.apache.catalina.startup.VersionLoggerListener.log 명령 행 아규먼트:  -Dcatalina.base=/Users/kongmac/Desktop/JSP_WIFI/public_wifi/public_wifi_project
30-Jul-2024 00:21:13.379 INFO [main] org.apache.catalina.startup.VersionLoggerListener.log 명령 행 아규먼트:  -Djava.io.tmpdir=/Users/kongmac/Desktop/JSP_WIFI/public_wifi/public_wifi_project/temp
30-Jul-2024 00:21:13.379 INFO [main] org.apache.catalina.startup.VersionLoggerListener.log 명령 행 아규먼트:  -Djava.util.logging.config.file=/Users/kongmac/Desktop/JSP_WIFI/public_wifi/public_wifi_project/conf/logging.properties
30-Jul-2024 00:21:13.379 INFO [main] org.apache.catalina.startup.VersionLoggerListener.log 명령 행 아규먼트:  -Djava.util.logging.manager=org.apache.juli.ClassLoaderLogManager
30-Jul-2024 00:21:13.379 INFO [main] org.apache.catalina.startup.VersionLoggerListener.log 명령 행 아규먼트:  -javaagent:/Users/kongmac/Desktop/코딩에디터/IntelliJ IDEA CE.app/Contents/lib/idea_rt.jar=54852:/Users/kongmac/Desktop/코딩에디터/IntelliJ IDEA CE.app/Contents/bin
30-Jul-2024 00:21:13.379 INFO [main] org.apache.catalina.startup.VersionLoggerListener.log 명령 행 아규먼트:  -Dfile.encoding=UTF-8
30-Jul-2024 00:21:13.392 INFO [main] org.apache.catalina.core.AprLifecycleListener.lifecycleEvent 프로덕션 환경들에서 최적의 성능을 제공하는, APR 기반 Apache Tomcat Native 라이브러리가, 다음 java.library.path에서 발견되지 않습니다: [/Users/kongmac/Library/Java/Extensions:/Library/Java/Extensions:/Network/Library/Java/Extensions:/System/Library/Java/Extensions:/usr/lib/java:.]
30-Jul-2024 00:21:13.821 INFO [main] org.apache.coyote.AbstractProtocol.init 프로토콜 핸들러 ["http-nio-8080"]을(를) 초기화합니다.
30-Jul-2024 00:21:13.852 INFO [main] org.apache.catalina.startup.Catalina.load [840] 밀리초 내에 서버가 초기화되었습니다.
30-Jul-2024 00:21:13.917 INFO [main] org.apache.catalina.core.StandardService.startInternal 서비스 [Catalina]을(를) 시작합니다.
30-Jul-2024 00:21:13.918 INFO [main] org.apache.catalina.core.StandardEngine.startInternal 서버 엔진을 시작합니다: [Apache Tomcat/10.1.25]
30-Jul-2024 00:21:13.937 INFO [main] org.apache.catalina.startup.HostConfig.deployDescriptor 배치 descriptor [/Users/kongmac/Desktop/JSP_WIFI/public_wifi/public_wifi_project/conf/Catalina/localhost/ROOT.xml]을(를) 배치합니다.
30-Jul-2024 00:21:14.536 INFO [main] org.apache.jasper.servlet.TldScanner.scanJars 적어도 하나의 JAR가 TLD들을 찾기 위해 스캔되었으나 아무 것도 찾지 못했습니다. 스캔했으나 TLD가 없는 JAR들의 전체 목록을 보시려면, 로그 레벨을 디버그 레벨로 설정하십시오. 스캔 과정에서 불필요한 JAR들을 건너뛰면, 시스템 시작 시간과 JSP 컴파일 시간을 단축시킬 수 있습니다.
30-Jul-2024 00:21:14.570 INFO [main] org.apache.catalina.startup.HostConfig.deployDescriptor 배치 descriptor [/Users/kongmac/Desktop/JSP_WIFI/public_wifi/public_wifi_project/conf/Catalina/localhost/ROOT.xml]의 배치가 [631] 밀리초 내에 완료되었습니다.
30-Jul-2024 00:21:14.572 INFO [main] org.apache.coyote.AbstractProtocol.start 프로토콜 핸들러 ["http-nio-8080"]을(를) 시작합니다.
30-Jul-2024 00:21:14.584 INFO [main] org.apache.catalina.startup.Catalina.start 서버가 [731] 밀리초 내에 시작되었습니다.
30-Jul-2024 00:25:06.090 INFO [Catalina-utility-1] org.apache.catalina.core.StandardContext.reload 이름이 []인 컨텍스트를 다시 로드하는 작업이 시작되었습니다.
30-Jul-2024 00:25:06.099 WARNING [Catalina-utility-1] org.apache.catalina.loader.WebappClassLoaderBase.clearReferencesJdbc 웹 애플리케이션 [ROOT]이(가) JDBC 드라이버 [org.mariadb.jdbc.Driver]을(를) 등록했지만, 웹 애플리케이션이 중지될 때, 해당 JDBC 드라이버의 등록을 제거하지 못했습니다. 메모리 누수를 방지하기 위하여, 등록을 강제로 제거했습니다.
30-Jul-2024 00:25:06.285 INFO [Catalina-utility-1] org.apache.jasper.servlet.TldScanner.scanJars 적어도 하나의 JAR가 TLD들을 찾기 위해 스캔되었으나 아무 것도 찾지 못했습니다. 스캔했으나 TLD가 없는 JAR들의 전체 목록을 보시려면, 로그 레벨을 디버그 레벨로 설정하십시오. 스캔 과정에서 불필요한 JAR들을 건너뛰면, 시스템 시작 시간과 JSP 컴파일 시간을 단축시킬 수 있습니다.
30-Jul-2024 00:25:06.286 INFO [Catalina-utility-1] org.apache.catalina.core.StandardContext.reload 이름이 []인 컨텍스트를 다시 로드하는 것을 완료했습니다.
30-Jul-2024 00:25:10.357 INFO [Thread-1] org.apache.coyote.AbstractProtocol.pause 프로토콜 핸들러 ["http-nio-8080"]을(를) 일시 정지 중
30-Jul-2024 00:25:10.358 INFO [Thread-1] org.apache.catalina.core.StandardService.stopInternal 서비스 [Catalina]을(를) 중지시킵니다.
30-Jul-2024 00:25:10.361 INFO [Thread-1] org.apache.coyote.AbstractProtocol.stop 프로토콜 핸들러 ["http-nio-8080"]을(를) 중지시킵니다.
30-Jul-2024 00:25:10.365 INFO [Thread-1] org.apache.coyote.AbstractProtocol.destroy 프로토콜 핸들러 ["http-nio-8080"]을(를) 소멸시킵니다.
30-Jul-2024 00:26:01.104 INFO [main] org.apache.catalina.startup.VersionLoggerListener.log 서버 버전 이름:    Apache Tomcat/10.1.25
30-Jul-2024 00:26:01.107 INFO [main] org.apache.catalina.startup.VersionLoggerListener.log Server 빌드 시각:  Jun 14 2024 19:31:59 UTC
30-Jul-2024 00:26:01.108 INFO [main] org.apache.catalina.startup.VersionLoggerListener.log Server 버전 번호:  10.1.25.0
30-Jul-2024 00:26:01.108 INFO [main] org.apache.catalina.startup.VersionLoggerListener.log 운영체제 이름:     Mac OS X
30-Jul-2024 00:26:01.108 INFO [main] org.apache.catalina.startup.VersionLoggerListener.log 운영체제 버전:     14.5
30-Jul-2024 00:26:01.108 INFO [main] org.apache.catalina.startup.VersionLoggerListener.log 아키텍처:          aarch64
30-Jul-2024 00:26:01.108 INFO [main] org.apache.catalina.startup.VersionLoggerListener.log 자바 홈:           /Library/Java/JavaVirtualMachines/jdk-17.jdk/Contents/Home
30-Jul-2024 00:26:01.108 INFO [main] org.apache.catalina.startup.VersionLoggerListener.log JVM 버전:          17.0.9+11-LTS-201
30-Jul-2024 00:26:01.108 INFO [main] org.apache.catalina.startup.VersionLoggerListener.log JVM 벤더:          Oracle Corporation
30-Jul-2024 00:26:01.109 INFO [main] org.apache.catalina.startup.VersionLoggerListener.log CATALINA_BASE:     /Users/kongmac/Desktop/JSP_WIFI/public_wifi/public_wifi_project
30-Jul-2024 00:26:01.109 INFO [main] org.apache.catalina.startup.VersionLoggerListener.log CATALINA_HOME:     /Users/kongmac/Desktop/JSP/apache-tomcat-10.1.25
30-Jul-2024 00:26:01.119 INFO [main] org.apache.catalina.startup.VersionLoggerListener.log 명령 행 아규먼트:  --add-opens=java.base/java.lang=ALL-UNNAMED
30-Jul-2024 00:26:01.119 INFO [main] org.apache.catalina.startup.VersionLoggerListener.log 명령 행 아규먼트:  --add-opens=java.base/java.io=ALL-UNNAMED
30-Jul-2024 00:26:01.119 INFO [main] org.apache.catalina.startup.VersionLoggerListener.log 명령 행 아규먼트:  --add-opens=java.base/java.util=ALL-UNNAMED
30-Jul-2024 00:26:01.119 INFO [main] org.apache.catalina.startup.VersionLoggerListener.log 명령 행 아규먼트:  --add-opens=java.base/java.util.concurrent=ALL-UNNAMED
30-Jul-2024 00:26:01.119 INFO [main] org.apache.catalina.startup.VersionLoggerListener.log 명령 행 아규먼트:  --add-opens=java.rmi/sun.rmi.transport=ALL-UNNAMED
30-Jul-2024 00:26:01.119 INFO [main] org.apache.catalina.startup.VersionLoggerListener.log 명령 행 아규먼트:  -Dcatalina.home=/Users/kongmac/Desktop/JSP/apache-tomcat-10.1.25
30-Jul-2024 00:26:01.120 INFO [main] org.apache.catalina.startup.VersionLoggerListener.log 명령 행 아규먼트:  -Dcatalina.base=/Users/kongmac/Desktop/JSP_WIFI/public_wifi/public_wifi_project
30-Jul-2024 00:26:01.120 INFO [main] org.apache.catalina.startup.VersionLoggerListener.log 명령 행 아규먼트:  -Djava.io.tmpdir=/Users/kongmac/Desktop/JSP_WIFI/public_wifi/public_wifi_project/temp
30-Jul-2024 00:26:01.120 INFO [main] org.apache.catalina.startup.VersionLoggerListener.log 명령 행 아규먼트:  -Djava.util.logging.config.file=/Users/kongmac/Desktop/JSP_WIFI/public_wifi/public_wifi_project/conf/logging.properties
30-Jul-2024 00:26:01.120 INFO [main] org.apache.catalina.startup.VersionLoggerListener.log 명령 행 아규먼트:  -Djava.util.logging.manager=org.apache.juli.ClassLoaderLogManager
30-Jul-2024 00:26:01.120 INFO [main] org.apache.catalina.startup.VersionLoggerListener.log 명령 행 아규먼트:  -javaagent:/Users/kongmac/Desktop/코딩에디터/IntelliJ IDEA CE.app/Contents/lib/idea_rt.jar=54873:/Users/kongmac/Desktop/코딩에디터/IntelliJ IDEA CE.app/Contents/bin
30-Jul-2024 00:26:01.120 INFO [main] org.apache.catalina.startup.VersionLoggerListener.log 명령 행 아규먼트:  -Dfile.encoding=UTF-8
30-Jul-2024 00:26:01.130 INFO [main] org.apache.catalina.core.AprLifecycleListener.lifecycleEvent 프로덕션 환경들에서 최적의 성능을 제공하는, APR 기반 Apache Tomcat Native 라이브러리가, 다음 java.library.path에서 발견되지 않습니다: [/Users/kongmac/Library/Java/Extensions:/Library/Java/Extensions:/Network/Library/Java/Extensions:/System/Library/Java/Extensions:/usr/lib/java:.]
30-Jul-2024 00:26:01.468 INFO [main] org.apache.coyote.AbstractProtocol.init 프로토콜 핸들러 ["http-nio-8080"]을(를) 초기화합니다.
30-Jul-2024 00:26:01.491 INFO [main] org.apache.catalina.startup.Catalina.load [595] 밀리초 내에 서버가 초기화되었습니다.
30-Jul-2024 00:26:01.535 INFO [main] org.apache.catalina.core.StandardService.startInternal 서비스 [Catalina]을(를) 시작합니다.
30-Jul-2024 00:26:01.536 INFO [main] org.apache.catalina.core.StandardEngine.startInternal 서버 엔진을 시작합니다: [Apache Tomcat/10.1.25]
30-Jul-2024 00:26:01.543 INFO [main] org.apache.catalina.startup.HostConfig.deployDescriptor 배치 descriptor [/Users/kongmac/Desktop/JSP_WIFI/public_wifi/public_wifi_project/conf/Catalina/localhost/ROOT.xml]을(를) 배치합니다.
30-Jul-2024 00:26:02.157 INFO [main] org.apache.jasper.servlet.TldScanner.scanJars 적어도 하나의 JAR가 TLD들을 찾기 위해 스캔되었으나 아무 것도 찾지 못했습니다. 스캔했으나 TLD가 없는 JAR들의 전체 목록을 보시려면, 로그 레벨을 디버그 레벨로 설정하십시오. 스캔 과정에서 불필요한 JAR들을 건너뛰면, 시스템 시작 시간과 JSP 컴파일 시간을 단축시킬 수 있습니다.
30-Jul-2024 00:26:02.190 INFO [main] org.apache.catalina.startup.HostConfig.deployDescriptor 배치 descriptor [/Users/kongmac/Desktop/JSP_WIFI/public_wifi/public_wifi_project/conf/Catalina/localhost/ROOT.xml]의 배치가 [646] 밀리초 내에 완료되었습니다.
30-Jul-2024 00:26:02.193 INFO [main] org.apache.coyote.AbstractProtocol.start 프로토콜 핸들러 ["http-nio-8080"]을(를) 시작합니다.
30-Jul-2024 00:26:02.203 INFO [main] org.apache.catalina.startup.Catalina.start 서버가 [711] 밀리초 내에 시작되었습니다.
30-Jul-2024 00:26:54.675 INFO [Thread-1] org.apache.coyote.AbstractProtocol.pause 프로토콜 핸들러 ["http-nio-8080"]을(를) 일시 정지 중
30-Jul-2024 00:26:54.677 INFO [Thread-1] org.apache.catalina.core.StandardService.stopInternal 서비스 [Catalina]을(를) 중지시킵니다.
30-Jul-2024 00:26:54.683 WARNING [Thread-1] org.apache.catalina.loader.WebappClassLoaderBase.clearReferencesJdbc 웹 애플리케이션 [ROOT]이(가) JDBC 드라이버 [org.mariadb.jdbc.Driver]을(를) 등록했지만, 웹 애플리케이션이 중지될 때, 해당 JDBC 드라이버의 등록을 제거하지 못했습니다. 메모리 누수를 방지하기 위하여, 등록을 강제로 제거했습니다.
30-Jul-2024 00:26:54.686 INFO [Thread-1] org.apache.coyote.AbstractProtocol.stop 프로토콜 핸들러 ["http-nio-8080"]을(를) 중지시킵니다.
30-Jul-2024 00:26:54.691 INFO [Thread-1] org.apache.coyote.AbstractProtocol.destroy 프로토콜 핸들러 ["http-nio-8080"]을(를) 소멸시킵니다.
30-Jul-2024 00:26:57.063 INFO [main] org.apache.catalina.startup.VersionLoggerListener.log 서버 버전 이름:    Apache Tomcat/10.1.25
30-Jul-2024 00:26:57.073 INFO [main] org.apache.catalina.startup.VersionLoggerListener.log Server 빌드 시각:  Jun 14 2024 19:31:59 UTC
30-Jul-2024 00:26:57.077 INFO [main] org.apache.catalina.startup.VersionLoggerListener.log Server 버전 번호:  10.1.25.0
30-Jul-2024 00:26:57.077 INFO [main] org.apache.catalina.startup.VersionLoggerListener.log 운영체제 이름:     Mac OS X
30-Jul-2024 00:26:57.078 INFO [main] org.apache.catalina.startup.VersionLoggerListener.log 운영체제 버전:     14.5
30-Jul-2024 00:26:57.078 INFO [main] org.apache.catalina.startup.VersionLoggerListener.log 아키텍처:          aarch64
30-Jul-2024 00:26:57.078 INFO [main] org.apache.catalina.startup.VersionLoggerListener.log 자바 홈:           /Library/Java/JavaVirtualMachines/jdk-17.jdk/Contents/Home
30-Jul-2024 00:26:57.078 INFO [main] org.apache.catalina.startup.VersionLoggerListener.log JVM 버전:          17.0.9+11-LTS-201
30-Jul-2024 00:26:57.079 INFO [main] org.apache.catalina.startup.VersionLoggerListener.log JVM 벤더:          Oracle Corporation
30-Jul-2024 00:26:57.079 INFO [main] org.apache.catalina.startup.VersionLoggerListener.log CATALINA_BASE:     /Users/kongmac/Desktop/JSP_WIFI/public_wifi/public_wifi_project
30-Jul-2024 00:26:57.079 INFO [main] org.apache.catalina.startup.VersionLoggerListener.log CATALINA_HOME:     /Users/kongmac/Desktop/JSP/apache-tomcat-10.1.25
30-Jul-2024 00:26:57.105 INFO [main] org.apache.catalina.startup.VersionLoggerListener.log 명령 행 아규먼트:  --add-opens=java.base/java.lang=ALL-UNNAMED
30-Jul-2024 00:26:57.105 INFO [main] org.apache.catalina.startup.VersionLoggerListener.log 명령 행 아규먼트:  --add-opens=java.base/java.io=ALL-UNNAMED
30-Jul-2024 00:26:57.107 INFO [main] org.apache.catalina.startup.VersionLoggerListener.log 명령 행 아규먼트:  --add-opens=java.base/java.util=ALL-UNNAMED
30-Jul-2024 00:26:57.108 INFO [main] org.apache.catalina.startup.VersionLoggerListener.log 명령 행 아규먼트:  --add-opens=java.base/java.util.concurrent=ALL-UNNAMED
30-Jul-2024 00:26:57.109 INFO [main] org.apache.catalina.startup.VersionLoggerListener.log 명령 행 아규먼트:  --add-opens=java.rmi/sun.rmi.transport=ALL-UNNAMED
30-Jul-2024 00:26:57.109 INFO [main] org.apache.catalina.startup.VersionLoggerListener.log 명령 행 아규먼트:  -Dcatalina.home=/Users/kongmac/Desktop/JSP/apache-tomcat-10.1.25
30-Jul-2024 00:26:57.110 INFO [main] org.apache.catalina.startup.VersionLoggerListener.log 명령 행 아규먼트:  -Dcatalina.base=/Users/kongmac/Desktop/JSP_WIFI/public_wifi/public_wifi_project
30-Jul-2024 00:26:57.110 INFO [main] org.apache.catalina.startup.VersionLoggerListener.log 명령 행 아규먼트:  -Djava.io.tmpdir=/Users/kongmac/Desktop/JSP_WIFI/public_wifi/public_wifi_project/temp
30-Jul-2024 00:26:57.110 INFO [main] org.apache.catalina.startup.VersionLoggerListener.log 명령 행 아규먼트:  -Djava.util.logging.config.file=/Users/kongmac/Desktop/JSP_WIFI/public_wifi/public_wifi_project/conf/logging.properties
30-Jul-2024 00:26:57.110 INFO [main] org.apache.catalina.startup.VersionLoggerListener.log 명령 행 아규먼트:  -Djava.util.logging.manager=org.apache.juli.ClassLoaderLogManager
30-Jul-2024 00:26:57.111 INFO [main] org.apache.catalina.startup.VersionLoggerListener.log 명령 행 아규먼트:  -javaagent:/Users/kongmac/Desktop/코딩에디터/IntelliJ IDEA CE.app/Contents/lib/idea_rt.jar=54885:/Users/kongmac/Desktop/코딩에디터/IntelliJ IDEA CE.app/Contents/bin
30-Jul-2024 00:26:57.111 INFO [main] org.apache.catalina.startup.VersionLoggerListener.log 명령 행 아규먼트:  -Dfile.encoding=UTF-8
30-Jul-2024 00:26:57.131 INFO [main] org.apache.catalina.core.AprLifecycleListener.lifecycleEvent 프로덕션 환경들에서 최적의 성능을 제공하는, APR 기반 Apache Tomcat Native 라이브러리가, 다음 java.library.path에서 발견되지 않습니다: [/Users/kongmac/Library/Java/Extensions:/Library/Java/Extensions:/Network/Library/Java/Extensions:/System/Library/Java/Extensions:/usr/lib/java:.]
30-Jul-2024 00:26:57.537 INFO [main] org.apache.coyote.AbstractProtocol.init 프로토콜 핸들러 ["http-nio-8080"]을(를) 초기화합니다.
30-Jul-2024 00:26:57.555 INFO [main] org.apache.catalina.startup.Catalina.load [1027] 밀리초 내에 서버가 초기화되었습니다.
30-Jul-2024 00:26:57.604 INFO [main] org.apache.catalina.core.StandardService.startInternal 서비스 [Catalina]을(를) 시작합니다.
30-Jul-2024 00:26:57.604 INFO [main] org.apache.catalina.core.StandardEngine.startInternal 서버 엔진을 시작합니다: [Apache Tomcat/10.1.25]
30-Jul-2024 00:26:57.612 INFO [main] org.apache.catalina.startup.HostConfig.deployDescriptor 배치 descriptor [/Users/kongmac/Desktop/JSP_WIFI/public_wifi/public_wifi_project/conf/Catalina/localhost/ROOT.xml]을(를) 배치합니다.
30-Jul-2024 00:26:58.341 INFO [main] org.apache.jasper.servlet.TldScanner.scanJars 적어도 하나의 JAR가 TLD들을 찾기 위해 스캔되었으나 아무 것도 찾지 못했습니다. 스캔했으나 TLD가 없는 JAR들의 전체 목록을 보시려면, 로그 레벨을 디버그 레벨로 설정하십시오. 스캔 과정에서 불필요한 JAR들을 건너뛰면, 시스템 시작 시간과 JSP 컴파일 시간을 단축시킬 수 있습니다.
30-Jul-2024 00:26:58.369 INFO [main] org.apache.catalina.startup.HostConfig.deployDescriptor 배치 descriptor [/Users/kongmac/Desktop/JSP_WIFI/public_wifi/public_wifi_project/conf/Catalina/localhost/ROOT.xml]의 배치가 [756] 밀리초 내에 완료되었습니다.
30-Jul-2024 00:26:58.371 INFO [main] org.apache.coyote.AbstractProtocol.start 프로토콜 핸들러 ["http-nio-8080"]을(를) 시작합니다.
30-Jul-2024 00:26:58.381 INFO [main] org.apache.catalina.startup.Catalina.start 서버가 [825] 밀리초 내에 시작되었습니다.
30-Jul-2024 00:27:10.532 INFO [Thread-1] org.apache.coyote.AbstractProtocol.pause 프로토콜 핸들러 ["http-nio-8080"]을(를) 일시 정지 중
30-Jul-2024 00:27:10.534 INFO [Thread-1] org.apache.catalina.core.StandardService.stopInternal 서비스 [Catalina]을(를) 중지시킵니다.
30-Jul-2024 00:27:10.540 WARNING [Thread-1] org.apache.catalina.loader.WebappClassLoaderBase.clearReferencesJdbc 웹 애플리케이션 [ROOT]이(가) JDBC 드라이버 [org.mariadb.jdbc.Driver]을(를) 등록했지만, 웹 애플리케이션이 중지될 때, 해당 JDBC 드라이버의 등록을 제거하지 못했습니다. 메모리 누수를 방지하기 위하여, 등록을 강제로 제거했습니다.
30-Jul-2024 00:27:10.543 INFO [Thread-1] org.apache.coyote.AbstractProtocol.stop 프로토콜 핸들러 ["http-nio-8080"]을(를) 중지시킵니다.
30-Jul-2024 00:27:10.547 INFO [Thread-1] org.apache.coyote.AbstractProtocol.destroy 프로토콜 핸들러 ["http-nio-8080"]을(를) 소멸시킵니다.
30-Jul-2024 00:29:42.475 INFO [main] org.apache.catalina.startup.VersionLoggerListener.log 서버 버전 이름:    Apache Tomcat/10.1.25
30-Jul-2024 00:29:42.485 INFO [main] org.apache.catalina.startup.VersionLoggerListener.log Server 빌드 시각:  Jun 14 2024 19:31:59 UTC
30-Jul-2024 00:29:42.485 INFO [main] org.apache.catalina.startup.VersionLoggerListener.log Server 버전 번호:  10.1.25.0
30-Jul-2024 00:29:42.485 INFO [main] org.apache.catalina.startup.VersionLoggerListener.log 운영체제 이름:     Mac OS X
30-Jul-2024 00:29:42.485 INFO [main] org.apache.catalina.startup.VersionLoggerListener.log 운영체제 버전:     14.5
30-Jul-2024 00:29:42.486 INFO [main] org.apache.catalina.startup.VersionLoggerListener.log 아키텍처:          aarch64
30-Jul-2024 00:29:42.486 INFO [main] org.apache.catalina.startup.VersionLoggerListener.log 자바 홈:           /Library/Java/JavaVirtualMachines/jdk-17.jdk/Contents/Home
30-Jul-2024 00:29:42.486 INFO [main] org.apache.catalina.startup.VersionLoggerListener.log JVM 버전:          17.0.9+11-LTS-201
30-Jul-2024 00:29:42.486 INFO [main] org.apache.catalina.startup.VersionLoggerListener.log JVM 벤더:          Oracle Corporation
30-Jul-2024 00:29:42.486 INFO [main] org.apache.catalina.startup.VersionLoggerListener.log CATALINA_BASE:     /Users/kongmac/Desktop/JSP_WIFI/public_wifi/public_wifi_project
30-Jul-2024 00:29:42.486 INFO [main] org.apache.catalina.startup.VersionLoggerListener.log CATALINA_HOME:     /Users/kongmac/Desktop/JSP/apache-tomcat-10.1.25
30-Jul-2024 00:29:42.499 INFO [main] org.apache.catalina.startup.VersionLoggerListener.log 명령 행 아규먼트:  --add-opens=java.base/java.lang=ALL-UNNAMED
30-Jul-2024 00:29:42.500 INFO [main] org.apache.catalina.startup.VersionLoggerListener.log 명령 행 아규먼트:  --add-opens=java.base/java.io=ALL-UNNAMED
30-Jul-2024 00:29:42.500 INFO [main] org.apache.catalina.startup.VersionLoggerListener.log 명령 행 아규먼트:  --add-opens=java.base/java.util=ALL-UNNAMED
30-Jul-2024 00:29:42.500 INFO [main] org.apache.catalina.startup.VersionLoggerListener.log 명령 행 아규먼트:  --add-opens=java.base/java.util.concurrent=ALL-UNNAMED
30-Jul-2024 00:29:42.500 INFO [main] org.apache.catalina.startup.VersionLoggerListener.log 명령 행 아규먼트:  --add-opens=java.rmi/sun.rmi.transport=ALL-UNNAMED
30-Jul-2024 00:29:42.500 INFO [main] org.apache.catalina.startup.VersionLoggerListener.log 명령 행 아규먼트:  -Dcatalina.home=/Users/kongmac/Desktop/JSP/apache-tomcat-10.1.25
30-Jul-2024 00:29:42.500 INFO [main] org.apache.catalina.startup.VersionLoggerListener.log 명령 행 아규먼트:  -Dcatalina.base=/Users/kongmac/Desktop/JSP_WIFI/public_wifi/public_wifi_project
30-Jul-2024 00:29:42.500 INFO [main] org.apache.catalina.startup.VersionLoggerListener.log 명령 행 아규먼트:  -Djava.io.tmpdir=/Users/kongmac/Desktop/JSP_WIFI/public_wifi/public_wifi_project/temp
30-Jul-2024 00:29:42.500 INFO [main] org.apache.catalina.startup.VersionLoggerListener.log 명령 행 아규먼트:  -Djava.util.logging.config.file=/Users/kongmac/Desktop/JSP_WIFI/public_wifi/public_wifi_project/conf/logging.properties
30-Jul-2024 00:29:42.501 INFO [main] org.apache.catalina.startup.VersionLoggerListener.log 명령 행 아규먼트:  -Djava.util.logging.manager=org.apache.juli.ClassLoaderLogManager
30-Jul-2024 00:29:42.501 INFO [main] org.apache.catalina.startup.VersionLoggerListener.log 명령 행 아규먼트:  -javaagent:/Users/kongmac/Desktop/코딩에디터/IntelliJ IDEA CE.app/Contents/lib/idea_rt.jar=54898:/Users/kongmac/Desktop/코딩에디터/IntelliJ IDEA CE.app/Contents/bin
30-Jul-2024 00:29:42.501 INFO [main] org.apache.catalina.startup.VersionLoggerListener.log 명령 행 아규먼트:  -Dfile.encoding=UTF-8
30-Jul-2024 00:29:42.513 INFO [main] org.apache.catalina.core.AprLifecycleListener.lifecycleEvent 프로덕션 환경들에서 최적의 성능을 제공하는, APR 기반 Apache Tomcat Native 라이브러리가, 다음 java.library.path에서 발견되지 않습니다: [/Users/kongmac/Library/Java/Extensions:/Library/Java/Extensions:/Network/Library/Java/Extensions:/System/Library/Java/Extensions:/usr/lib/java:.]
30-Jul-2024 00:29:42.887 INFO [main] org.apache.coyote.AbstractProtocol.init 프로토콜 핸들러 ["http-nio-8080"]을(를) 초기화합니다.
30-Jul-2024 00:29:42.915 INFO [main] org.apache.catalina.startup.Catalina.load [704] 밀리초 내에 서버가 초기화되었습니다.
30-Jul-2024 00:29:42.962 INFO [main] org.apache.catalina.core.StandardService.startInternal 서비스 [Catalina]을(를) 시작합니다.
30-Jul-2024 00:29:42.962 INFO [main] org.apache.catalina.core.StandardEngine.startInternal 서버 엔진을 시작합니다: [Apache Tomcat/10.1.25]
30-Jul-2024 00:29:42.974 INFO [main] org.apache.catalina.startup.HostConfig.deployDescriptor 배치 descriptor [/Users/kongmac/Desktop/JSP_WIFI/public_wifi/public_wifi_project/conf/Catalina/localhost/ROOT.xml]을(를) 배치합니다.
30-Jul-2024 00:29:43.731 INFO [main] org.apache.jasper.servlet.TldScanner.scanJars 적어도 하나의 JAR가 TLD들을 찾기 위해 스캔되었으나 아무 것도 찾지 못했습니다. 스캔했으나 TLD가 없는 JAR들의 전체 목록을 보시려면, 로그 레벨을 디버그 레벨로 설정하십시오. 스캔 과정에서 불필요한 JAR들을 건너뛰면, 시스템 시작 시간과 JSP 컴파일 시간을 단축시킬 수 있습니다.
30-Jul-2024 00:29:43.760 INFO [main] org.apache.catalina.startup.HostConfig.deployDescriptor 배치 descriptor [/Users/kongmac/Desktop/JSP_WIFI/public_wifi/public_wifi_project/conf/Catalina/localhost/ROOT.xml]의 배치가 [784] 밀리초 내에 완료되었습니다.
30-Jul-2024 00:29:43.762 INFO [main] org.apache.coyote.AbstractProtocol.start 프로토콜 핸들러 ["http-nio-8080"]을(를) 시작합니다.
30-Jul-2024 00:29:43.772 INFO [main] org.apache.catalina.startup.Catalina.start 서버가 [857] 밀리초 내에 시작되었습니다.
30-Jul-2024 00:29:57.153 INFO [Thread-1] org.apache.coyote.AbstractProtocol.pause 프로토콜 핸들러 ["http-nio-8080"]을(를) 일시 정지 중
30-Jul-2024 00:29:57.155 INFO [Thread-1] org.apache.catalina.core.StandardService.stopInternal 서비스 [Catalina]을(를) 중지시킵니다.
30-Jul-2024 00:29:57.163 WARNING [Thread-1] org.apache.catalina.loader.WebappClassLoaderBase.clearReferencesJdbc 웹 애플리케이션 [ROOT]이(가) JDBC 드라이버 [org.mariadb.jdbc.Driver]을(를) 등록했지만, 웹 애플리케이션이 중지될 때, 해당 JDBC 드라이버의 등록을 제거하지 못했습니다. 메모리 누수를 방지하기 위하여, 등록을 강제로 제거했습니다.
30-Jul-2024 00:29:57.166 INFO [Thread-1] org.apache.coyote.AbstractProtocol.stop 프로토콜 핸들러 ["http-nio-8080"]을(를) 중지시킵니다.
30-Jul-2024 00:29:57.182 INFO [Thread-1] org.apache.coyote.AbstractProtocol.destroy 프로토콜 핸들러 ["http-nio-8080"]을(를) 소멸시킵니다.
30-Jul-2024 00:30:06.589 INFO [main] org.apache.catalina.startup.VersionLoggerListener.log 서버 버전 이름:    Apache Tomcat/10.1.25
30-Jul-2024 00:30:06.605 INFO [main] org.apache.catalina.startup.VersionLoggerListener.log Server 빌드 시각:  Jun 14 2024 19:31:59 UTC
30-Jul-2024 00:30:06.606 INFO [main] org.apache.catalina.startup.VersionLoggerListener.log Server 버전 번호:  10.1.25.0
30-Jul-2024 00:30:06.606 INFO [main] org.apache.catalina.startup.VersionLoggerListener.log 운영체제 이름:     Mac OS X
30-Jul-2024 00:30:06.607 INFO [main] org.apache.catalina.startup.VersionLoggerListener.log 운영체제 버전:     14.5
30-Jul-2024 00:30:06.607 INFO [main] org.apache.catalina.startup.VersionLoggerListener.log 아키텍처:          aarch64
30-Jul-2024 00:30:06.607 INFO [main] org.apache.catalina.startup.VersionLoggerListener.log 자바 홈:           /Library/Java/JavaVirtualMachines/jdk-17.jdk/Contents/Home
30-Jul-2024 00:30:06.607 INFO [main] org.apache.catalina.startup.VersionLoggerListener.log JVM 버전:          17.0.9+11-LTS-201
30-Jul-2024 00:30:06.612 INFO [main] org.apache.catalina.startup.VersionLoggerListener.log JVM 벤더:          Oracle Corporation
30-Jul-2024 00:30:06.612 INFO [main] org.apache.catalina.startup.VersionLoggerListener.log CATALINA_BASE:     /Users/kongmac/Desktop/JSP_WIFI/public_wifi/public_wifi_project
30-Jul-2024 00:30:06.612 INFO [main] org.apache.catalina.startup.VersionLoggerListener.log CATALINA_HOME:     /Users/kongmac/Desktop/JSP/apache-tomcat-10.1.25
30-Jul-2024 00:30:06.627 INFO [main] org.apache.catalina.startup.VersionLoggerListener.log 명령 행 아규먼트:  --add-opens=java.base/java.lang=ALL-UNNAMED
30-Jul-2024 00:30:06.627 INFO [main] org.apache.catalina.startup.VersionLoggerListener.log 명령 행 아규먼트:  --add-opens=java.base/java.io=ALL-UNNAMED
30-Jul-2024 00:30:06.627 INFO [main] org.apache.catalina.startup.VersionLoggerListener.log 명령 행 아규먼트:  --add-opens=java.base/java.util=ALL-UNNAMED
30-Jul-2024 00:30:06.627 INFO [main] org.apache.catalina.startup.VersionLoggerListener.log 명령 행 아규먼트:  --add-opens=java.base/java.util.concurrent=ALL-UNNAMED
30-Jul-2024 00:30:06.628 INFO [main] org.apache.catalina.startup.VersionLoggerListener.log 명령 행 아규먼트:  --add-opens=java.rmi/sun.rmi.transport=ALL-UNNAMED
30-Jul-2024 00:30:06.628 INFO [main] org.apache.catalina.startup.VersionLoggerListener.log 명령 행 아규먼트:  -Dcatalina.home=/Users/kongmac/Desktop/JSP/apache-tomcat-10.1.25
30-Jul-2024 00:30:06.628 INFO [main] org.apache.catalina.startup.VersionLoggerListener.log 명령 행 아규먼트:  -Dcatalina.base=/Users/kongmac/Desktop/JSP_WIFI/public_wifi/public_wifi_project
30-Jul-2024 00:30:06.628 INFO [main] org.apache.catalina.startup.VersionLoggerListener.log 명령 행 아규먼트:  -Djava.io.tmpdir=/Users/kongmac/Desktop/JSP_WIFI/public_wifi/public_wifi_project/temp
30-Jul-2024 00:30:06.628 INFO [main] org.apache.catalina.startup.VersionLoggerListener.log 명령 행 아규먼트:  -Djava.util.logging.config.file=/Users/kongmac/Desktop/JSP_WIFI/public_wifi/public_wifi_project/conf/logging.properties
30-Jul-2024 00:30:06.628 INFO [main] org.apache.catalina.startup.VersionLoggerListener.log 명령 행 아규먼트:  -Djava.util.logging.manager=org.apache.juli.ClassLoaderLogManager
30-Jul-2024 00:30:06.628 INFO [main] org.apache.catalina.startup.VersionLoggerListener.log 명령 행 아규먼트:  -javaagent:/Users/kongmac/Desktop/코딩에디터/IntelliJ IDEA CE.app/Contents/lib/idea_rt.jar=54918:/Users/kongmac/Desktop/코딩에디터/IntelliJ IDEA CE.app/Contents/bin
30-Jul-2024 00:30:06.628 INFO [main] org.apache.catalina.startup.VersionLoggerListener.log 명령 행 아규먼트:  -Dfile.encoding=UTF-8
30-Jul-2024 00:30:06.647 INFO [main] org.apache.catalina.core.AprLifecycleListener.lifecycleEvent 프로덕션 환경들에서 최적의 성능을 제공하는, APR 기반 Apache Tomcat Native 라이브러리가, 다음 java.library.path에서 발견되지 않습니다: [/Users/kongmac/Library/Java/Extensions:/Library/Java/Extensions:/Network/Library/Java/Extensions:/System/Library/Java/Extensions:/usr/lib/java:.]
30-Jul-2024 00:30:07.267 INFO [main] org.apache.coyote.AbstractProtocol.init 프로토콜 핸들러 ["http-nio-8080"]을(를) 초기화합니다.
30-Jul-2024 00:30:07.317 INFO [main] org.apache.catalina.startup.Catalina.load [1098] 밀리초 내에 서버가 초기화되었습니다.
30-Jul-2024 00:30:07.377 INFO [main] org.apache.catalina.core.StandardService.startInternal 서비스 [Catalina]을(를) 시작합니다.
30-Jul-2024 00:30:07.377 INFO [main] org.apache.catalina.core.StandardEngine.startInternal 서버 엔진을 시작합니다: [Apache Tomcat/10.1.25]
30-Jul-2024 00:30:07.390 INFO [main] org.apache.catalina.startup.HostConfig.deployDescriptor 배치 descriptor [/Users/kongmac/Desktop/JSP_WIFI/public_wifi/public_wifi_project/conf/Catalina/localhost/ROOT.xml]을(를) 배치합니다.
30-Jul-2024 00:30:08.182 INFO [main] org.apache.jasper.servlet.TldScanner.scanJars 적어도 하나의 JAR가 TLD들을 찾기 위해 스캔되었으나 아무 것도 찾지 못했습니다. 스캔했으나 TLD가 없는 JAR들의 전체 목록을 보시려면, 로그 레벨을 디버그 레벨로 설정하십시오. 스캔 과정에서 불필요한 JAR들을 건너뛰면, 시스템 시작 시간과 JSP 컴파일 시간을 단축시킬 수 있습니다.
30-Jul-2024 00:30:08.259 INFO [main] org.apache.catalina.startup.HostConfig.deployDescriptor 배치 descriptor [/Users/kongmac/Desktop/JSP_WIFI/public_wifi/public_wifi_project/conf/Catalina/localhost/ROOT.xml]의 배치가 [865] 밀리초 내에 완료되었습니다.
30-Jul-2024 00:30:08.265 INFO [main] org.apache.coyote.AbstractProtocol.start 프로토콜 핸들러 ["http-nio-8080"]을(를) 시작합니다.
30-Jul-2024 00:30:08.284 INFO [main] org.apache.catalina.startup.Catalina.start 서버가 [966] 밀리초 내에 시작되었습니다.
30-Jul-2024 00:32:06.240 INFO [Thread-1] org.apache.coyote.AbstractProtocol.pause 프로토콜 핸들러 ["http-nio-8080"]을(를) 일시 정지 중
30-Jul-2024 00:32:06.242 INFO [Thread-1] org.apache.catalina.core.StandardService.stopInternal 서비스 [Catalina]을(를) 중지시킵니다.
30-Jul-2024 00:32:06.253 WARNING [Thread-1] org.apache.catalina.loader.WebappClassLoaderBase.clearReferencesJdbc 웹 애플리케이션 [ROOT]이(가) JDBC 드라이버 [org.mariadb.jdbc.Driver]을(를) 등록했지만, 웹 애플리케이션이 중지될 때, 해당 JDBC 드라이버의 등록을 제거하지 못했습니다. 메모리 누수를 방지하기 위하여, 등록을 강제로 제거했습니다.
30-Jul-2024 00:32:06.254 WARNING [Thread-1] org.apache.catalina.loader.WebappClassLoaderBase.clearReferencesThreads 웹 애플리케이션 [ROOT]이(가) [OkHttp TaskRunner](이)라는 이름의 쓰레드를 시작시킨 것으로 보이지만, 해당 쓰레드를 중지시키지 못했습니다. 이는 메모리 누수를 유발할 가능성이 큽니다. 해당 쓰레드의 스택 트레이스:
 java.base@17.0.9/java.lang.Object.wait(Native Method)
 java.base@17.0.9/java.lang.Object.wait(Object.java:472)
 okhttp3.internal.concurrent.TaskRunner$RealBackend.coordinatorWait(TaskRunner.kt:294)
 okhttp3.internal.concurrent.TaskRunner.awaitTaskToRun(TaskRunner.kt:218)
 okhttp3.internal.concurrent.TaskRunner$runnable$1.run(TaskRunner.kt:59)
 java.base@17.0.9/java.util.concurrent.ThreadPoolExecutor.runWorker(ThreadPoolExecutor.java:1136)
 java.base@17.0.9/java.util.concurrent.ThreadPoolExecutor$Worker.run(ThreadPoolExecutor.java:635)
 java.base@17.0.9/java.lang.Thread.run(Thread.java:842)
30-Jul-2024 00:32:06.255 WARNING [Thread-1] org.apache.catalina.loader.WebappClassLoaderBase.clearReferencesThreads 웹 애플리케이션 [ROOT]이(가) [Okio Watchdog](이)라는 이름의 쓰레드를 시작시킨 것으로 보이지만, 해당 쓰레드를 중지시키지 못했습니다. 이는 메모리 누수를 유발할 가능성이 큽니다. 해당 쓰레드의 스택 트레이스:
 java.base@17.0.9/java.lang.Object.wait(Native Method)
 okio.AsyncTimeout$Companion.awaitTimeout$okio(AsyncTimeout.kt:300)
 okio.AsyncTimeout$Watchdog.run(AsyncTimeout.kt:187)
30-Jul-2024 00:32:06.259 INFO [Thread-1] org.apache.coyote.AbstractProtocol.stop 프로토콜 핸들러 ["http-nio-8080"]을(를) 중지시킵니다.
30-Jul-2024 00:32:06.267 INFO [Thread-1] org.apache.coyote.AbstractProtocol.destroy 프로토콜 핸들러 ["http-nio-8080"]을(를) 소멸시킵니다.
